<?xml version="1.0" encoding="UTF-8"?>
<!-- Generated by org.testng.reporters.JUnitXMLReporter -->
<testsuite ignored="0" hostname="DESKTOP-UVU5C3P" failures="0" tests="3" name="Default test" time="25.17" errors="0" timestamp="2024-01-08T14:33:15 EST">
  <testcase classname="com.QAframework_NavigateToDifferentPage.NavigateToDifferentPageAndVerify" name="navigateToWebsiteConfirm" time="0.778"/>
  <testcase classname="com.QAframework_NavigateToDifferentPage.NavigateToDifferentPageAndVerify" name="newPageValidatio" time="2.468"/>
  <testcase classname="com.QAframework_NavigateToDifferentPage.NavigateToDifferentPageAndVerify" name="navigateNewPageAndVerifyElements" time="5.458"/>
</testsuite> <!-- Default test -->
