<?xml version="1.0" encoding="UTF-8"?>
<testng-results ignored="0" total="3" passed="3" failed="0" skipped="0">
  <reporter-output>
  </reporter-output>
  <suite started-at="2024-01-08T14:32:49 EST" name="Default suite" finished-at="2024-01-08T14:33:15 EST" duration-ms="25170">
    <groups>
    </groups>
    <test started-at="2024-01-08T14:32:49 EST" name="Default test" finished-at="2024-01-08T14:33:15 EST" duration-ms="25170">
      <class name="com.QAframework_NavigateToDifferentPage.NavigateToDifferentPageAndVerify">
        <test-method is-config="true" signature="openBrowser()[pri:0, instance:com.QAframework_NavigateToDifferentPage.NavigateToDifferentPageAndVerify@3023df74]" started-at="2024-01-08T14:32:49 EST" name="openBrowser" finished-at="2024-01-08T14:32:55 EST" duration-ms="5774" status="PASS">
          <reporter-output>
          </reporter-output>
        </test-method> <!-- openBrowser -->
        <test-method signature="navigateToWebsiteConfirm()[pri:1, instance:com.QAframework_NavigateToDifferentPage.NavigateToDifferentPageAndVerify@3023df74]" started-at="2024-01-08T14:32:55 EST" name="navigateToWebsiteConfirm" finished-at="2024-01-08T14:32:56 EST" duration-ms="778" status="PASS">
          <reporter-output>
          </reporter-output>
        </test-method> <!-- navigateToWebsiteConfirm -->
        <test-method is-config="true" signature="closeBrowser()[pri:0, instance:com.QAframework_NavigateToDifferentPage.NavigateToDifferentPageAndVerify@3023df74]" started-at="2024-01-08T14:32:56 EST" name="closeBrowser" finished-at="2024-01-08T14:32:56 EST" duration-ms="411" status="PASS">
          <reporter-output>
          </reporter-output>
        </test-method> <!-- closeBrowser -->
        <test-method is-config="true" signature="openBrowser()[pri:0, instance:com.QAframework_NavigateToDifferentPage.NavigateToDifferentPageAndVerify@3023df74]" started-at="2024-01-08T14:32:56 EST" name="openBrowser" finished-at="2024-01-08T14:33:02 EST" duration-ms="5132" status="PASS">
          <reporter-output>
          </reporter-output>
        </test-method> <!-- openBrowser -->
        <test-method signature="newPageValidatio()[pri:2, instance:com.QAframework_NavigateToDifferentPage.NavigateToDifferentPageAndVerify@3023df74]" started-at="2024-01-08T14:33:02 EST" name="newPageValidatio" finished-at="2024-01-08T14:33:04 EST" duration-ms="2468" status="PASS">
          <reporter-output>
          </reporter-output>
        </test-method> <!-- newPageValidatio -->
        <test-method is-config="true" signature="closeBrowser()[pri:0, instance:com.QAframework_NavigateToDifferentPage.NavigateToDifferentPageAndVerify@3023df74]" started-at="2024-01-08T14:33:04 EST" name="closeBrowser" finished-at="2024-01-08T14:33:04 EST" duration-ms="311" status="PASS">
          <reporter-output>
          </reporter-output>
        </test-method> <!-- closeBrowser -->
        <test-method is-config="true" signature="openBrowser()[pri:0, instance:com.QAframework_NavigateToDifferentPage.NavigateToDifferentPageAndVerify@3023df74]" started-at="2024-01-08T14:33:04 EST" name="openBrowser" finished-at="2024-01-08T14:33:09 EST" duration-ms="4398" status="PASS">
          <reporter-output>
          </reporter-output>
        </test-method> <!-- openBrowser -->
        <test-method signature="navigateNewPageAndVerifyElements()[pri:3, instance:com.QAframework_NavigateToDifferentPage.NavigateToDifferentPageAndVerify@3023df74]" started-at="2024-01-08T14:33:09 EST" name="navigateNewPageAndVerifyElements" finished-at="2024-01-08T14:33:14 EST" duration-ms="5458" status="PASS">
          <reporter-output>
          </reporter-output>
        </test-method> <!-- navigateNewPageAndVerifyElements -->
        <test-method is-config="true" signature="closeBrowser()[pri:0, instance:com.QAframework_NavigateToDifferentPage.NavigateToDifferentPageAndVerify@3023df74]" started-at="2024-01-08T14:33:14 EST" name="closeBrowser" finished-at="2024-01-08T14:33:15 EST" duration-ms="346" status="PASS">
          <reporter-output>
          </reporter-output>
        </test-method> <!-- closeBrowser -->
      </class> <!-- com.QAframework_NavigateToDifferentPage.NavigateToDifferentPageAndVerify -->
    </test> <!-- Default test -->
  </suite> <!-- Default suite -->
</testng-results>
